********************************************************************************
DUPLICATOR-LITE PACKAGE-LOG: 1 March 2019 9 h 39 min
NOTICE: Do NOT post to public sites or forums 
********************************************************************************
VERSION:	1.3.8
WORDPRESS:	5.0.3
PHP INFO:	7.3.0 | SAPI: apache2handler
SERVER:		Apache/2.4.37 (Win32) OpenSSL/1.1.1a PHP/7.3.0 
PHP TIME LIMIT: (0) no time limit imposed 
PHP MAX MEMORY: 4294967296 (128M default) 
MEMORY STACK: 2MB 

********************************************************************************
DATABASE:
********************************************************************************
BUILD MODE:   MYSQLDUMP
MYSQLTIMEOUT: 5000
MYSQLDUMP:    Is Supported 
SQL CREATED: 20190211_cafeinlinepromo_f406df85fa8bb1073024_20190301093801_database.sql 
SQL FILE SIZE: 865.15KB (885917) 
SQL FILE TIME: 2019-03-01 09:39:10 
SQL RUNTIME: 0.67 sec. 

******************************************************************************** 
ARCHIVE (ZIP): 
******************************************************************************** 
ARCHIVE DIR:  C:/xampp/htdocs/cafeinline 
ARCHIVE FILE: 20190211_cafeinlinepromo_f406df85fa8bb1073024_20190301093801_archive.zip 
FILTERS: *ON* 
DIRS:
	not set 
FILES:
	C:/xampp/htdocs/cafeinline/wp-content/themes/blog_promo_theme/images/cinéVore.jpg 
EXTS:  not set 
---------------------------------------- 
COMPRESSING 
SIZE:	75.51MB 
STATS:	Dirs 202 | Files 2,160 
SQL ADDED: 20190211_cafeinlinepromo_f406df85fa8bb1073024_20190301093801_database.sql 
ZipArchive Object
(
    [status] => 0
    [statusSys] => 0
    [numFiles] => 2362
    [filename] => C:\xampp\htdocs\cafeinline\wp-snapshots\tmp\20190211_cafeinlinepromo_f406df85fa8bb1073024_20190301093801_archive.zip
    [comment] => 
)
 
FILE ADDED TO ZIP: 2361 
COMPRESSION RESULT: '1' 
COMPRESSED SIZE: 41.91MB 
ARCHIVE RUNTIME: 26.22 sec. 
MEMORY STACK: 4MB 
building installer 
add_extra_files1 
add_extra_files2 
add_extra_files3 
add_extra_files4 
Doing archive file check 
add_extra_files5 
add_extra_files6 
add_extra_files8 
Successfully opened zip C:/xampp/htdocs/cafeinline/wp-snapshots/tmp/20190211_cafeinlinepromo_f406df85fa8bb1073024_20190301093801_archive.zip 
Adding enhanced installer files to archive using ZipArchive 
Installer files added to archive 
Added to archive 
After ziparchive close when adding installer 

******************************************************************************** 
INTEGRITY CHECKS: 
******************************************************************************** 
SQL FILE: 865.15KB 
INSTALLER FILE: 44.54KB 
ARCHIVE FILE: 42.75MB  
EXPECTED FILE/DIRECTORY COUNT: 2,362 
ACTUAL FILE/DIRECTORY COUNT: 2,361 
ARCHIVE CONSISTENCY TEST: Pass 

********************************************************************************
RECORD ID:[3]
TOTAL PROCESS RUNTIME: 33.35 sec.
PEAK PHP MEMORY USED: 4MB
DONE PROCESSING => 20190211_cafeinlinepromo 1 March 2019 9 h 39 min
 
